2022-04-01 13:05:37,925 INFO:log_namespace.Database Attempting connect to database...
2022-04-01 13:13:42,675 INFO:log_namespace.Database Attempting connect to database...
2022-04-01 13:13:42,688 INFO:log_namespace.Database Connected to database
2022-04-01 13:13:42,689 INFO:log_namespace.Database Executing query...
2022-04-01 13:13:42,690 INFO:log_namespace.Database Query executed...
2022-04-01 13:13:42,690 INFO:log_namespace.Database Executing query...
2022-04-01 13:13:42,691 INFO:log_namespace.Database Query executed...
2022-04-01 13:13:42,691 INFO:log_namespace.Database Executing query...
2022-04-01 13:13:42,692 INFO:log_namespace.Database Query executed...
2022-04-01 13:14:26,639 INFO:log_namespace.Database Attempting connect to database...
2022-04-01 13:14:26,651 INFO:log_namespace.Database Connected to database
2022-04-01 13:14:26,652 INFO:log_namespace.Database Executing query...
2022-04-01 13:14:26,653 INFO:log_namespace.Database Query executed...
2022-04-01 13:14:26,653 INFO:log_namespace.Database Executing query...
2022-04-01 13:14:26,654 INFO:log_namespace.Database Query executed...
2022-04-01 13:14:26,654 INFO:log_namespace.Database Executing query...
2022-04-01 13:14:26,654 INFO:log_namespace.Database Query executed...
2022-04-01 13:14:26,654 INFO:log_namespace.Database Connection closing...
2022-04-01 13:14:26,655 INFO:log_namespace.Database Connection closed...
2022-04-01 13:31:05,001 INFO:log_namespace.Database Attempting connect to database..
2022-04-01 13:31:05,014 INFO:log_namespace.Database Connected to database..
2022-04-01 13:31:05,015 INFO:log_namespace.Database Executing query..
2022-04-01 13:31:05,016 INFO:log_namespace.Database Query executed..
2022-04-01 13:31:05,016 INFO:log_namespace.Database Executing query..
2022-04-01 13:31:05,017 INFO:log_namespace.Database Query executed..
2022-04-01 13:31:05,017 INFO:log_namespace.Database Executing query..
2022-04-01 13:31:05,018 INFO:log_namespace.Database Query executed..
2022-04-01 13:31:05,018 INFO:log_namespace.Database Connection closing..
2022-04-01 13:31:05,018 INFO:log_namespace.Database Connection closed..
2022-04-01 13:39:27,069 INFO:log_namespace.Database Attempting connect to database..
2022-04-01 13:39:27,082 INFO:log_namespace.Database Connected to database..
2022-04-01 13:39:27,083 INFO:log_namespace.Database Executing query..
2022-04-01 13:39:27,085 INFO:log_namespace.Database Query executed..
2022-04-01 13:39:27,085 INFO:log_namespace.Database Executing query..
2022-04-01 13:39:27,086 INFO:log_namespace.Database Query executed..
2022-04-01 13:39:27,086 INFO:log_namespace.Database Executing query..
2022-04-01 13:39:27,087 INFO:log_namespace.Database Query executed..
2022-04-01 13:39:27,087 INFO:log_namespace.Database Connection closing..
2022-04-01 13:39:27,087 INFO:log_namespace.Database Connection closed..
2022-04-01 13:40:49,283 INFO:log_namespace.Database Attempting connect to database..
2022-04-01 13:40:49,296 INFO:log_namespace.Database Connected to database..
2022-04-01 13:40:49,297 INFO:log_namespace.Database Executing query..
2022-04-01 13:40:49,299 INFO:log_namespace.Database Query executed..
2022-04-01 13:40:49,299 INFO:log_namespace.Database Executing query..
2022-04-01 13:40:49,300 INFO:log_namespace.Database Query executed..
2022-04-01 13:40:49,300 INFO:log_namespace.Database Executing query..
2022-04-01 13:40:49,301 INFO:log_namespace.Database Query executed..
2022-04-01 13:40:49,301 INFO:log_namespace.Database Connection closing..
2022-04-01 13:40:49,301 INFO:log_namespace.Database Connection closed..
2022-04-01 17:02:33,372 WARNING:log_namespace.Database db_type: oracle is not supported
2022-04-01 17:09:13,451 INFO:log_namespace.Database Attempting connect to database..
2022-04-01 17:09:13,464 INFO:log_namespace.Database Connected to database..
2022-04-01 17:09:13,466 INFO:log_namespace.Database Executing query..
2022-04-01 17:09:13,467 INFO:log_namespace.Database Query executed..
2022-04-01 17:09:13,467 INFO:log_namespace.Database Executing query..
2022-04-01 17:09:13,468 INFO:log_namespace.Database Query executed..
2022-04-01 17:09:13,468 INFO:log_namespace.Database Executing query..
2022-04-01 17:09:13,469 INFO:log_namespace.Database Query executed..
2022-04-01 17:09:13,469 INFO:log_namespace.Database Connection closing..
2022-04-01 17:09:13,469 INFO:log_namespace.Database Connection closed..
2022-04-01 17:29:10,727 INFO:log_namespace.Database Attempting connect to database
2022-04-01 17:29:10,741 INFO:log_namespace.Database Connected to database
2022-04-01 17:29:10,742 INFO:log_namespace.Database Executing query
2022-04-01 17:29:10,743 INFO:log_namespace.Database Query executed
2022-04-01 17:29:10,743 INFO:log_namespace.Database Executing query
2022-04-01 17:29:10,744 INFO:log_namespace.Database Query executed
2022-04-01 17:29:10,744 INFO:log_namespace.Database Executing query
2022-04-01 17:29:10,745 INFO:log_namespace.Database Query executed
2022-04-01 17:29:10,745 INFO:log_namespace.Database Connection closing
2022-04-01 17:29:10,745 INFO:log_namespace.Database Connection closed
2022-04-01 17:29:54,168 INFO:log_namespace.Database Attempting connect to database
2022-04-01 17:29:54,181 INFO:log_namespace.Database Connected to database
2022-04-01 17:29:54,182 INFO:log_namespace.Database Executing query
2022-04-01 17:29:54,184 INFO:log_namespace.Database Query executed
2022-04-01 17:29:54,184 INFO:log_namespace.Database Executing query
2022-04-01 17:29:54,185 INFO:log_namespace.Database Query executed
2022-04-01 17:29:54,185 INFO:log_namespace.Database Executing query
2022-04-01 17:29:54,185 INFO:log_namespace.Database Query executed
2022-04-01 17:29:54,185 INFO:log_namespace.Database Connection closing
2022-04-01 17:29:54,185 INFO:log_namespace.Database Connection closed
